<?xml version="1.0" encoding="UTF-8"?>
<!-- Generated by org.testng.reporters.JUnitReportReporter -->
<testsuite skipped="0" hostname="Vijayalaxmi-PC" name="NewTest" tests="1" failures="0" timestamp="19 Nov 2018 06:58:51 GMT" time="30.986" errors="0">
  <testcase name="f" time="30.986" classname="NewTest"/>
</testsuite> <!-- NewTest -->
